C:\USERS\LEE\DESKTOP\PARTICLE SYSTEM\PARTICLEENGINELIBRARY\RELEASE\PARTICLEEMITTER.OBJ
C:\USERS\LEE\DESKTOP\PARTICLE SYSTEM\PARTICLEENGINELIBRARY\RELEASE\PARTICLE.OBJ
C:\USERS\LEE\DESKTOP\PARTICLE SYSTEM\PARTICLEENGINELIBRARY\RELEASE\COLOUR.OBJ
C:\USERS\LEE\DESKTOP\PARTICLE SYSTEM\PARTICLEENGINELIBRARY\RELEASE\VC110.PDB
C:\USERS\LEE\DESKTOP\PARTICLE SYSTEM\RELEASE\PARTICLEENGINELIBRARY.DLL
C:\USERS\LEE\DESKTOP\PARTICLE SYSTEM\RELEASE\PARTICLEENGINELIBRARY.PDB
C:\Users\Lee\Desktop\Particle System\Release\ParticleEngineLibrary.lib
C:\Users\Lee\Desktop\Particle System\Release\ParticleEngineLibrary.exp
C:\Users\Lee\Desktop\Particle System\ParticleEngineLibrary\Release\Colour.obj
C:\Users\Lee\Desktop\Particle System\ParticleEngineLibrary\Release\Particle.obj
C:\Users\Lee\Desktop\Particle System\ParticleEngineLibrary\Release\ParticleEmitter.obj
C:\Users\Lee\Desktop\Particle System\ParticleEngineLibrary\Release\cl.command.1.tlog
C:\Users\Lee\Desktop\Particle System\ParticleEngineLibrary\Release\CL.read.1.tlog
C:\Users\Lee\Desktop\Particle System\ParticleEngineLibrary\Release\CL.write.1.tlog
C:\Users\Lee\Desktop\Particle System\ParticleEngineLibrary\Release\link-cvtres.read.1.tlog
C:\Users\Lee\Desktop\Particle System\ParticleEngineLibrary\Release\link-cvtres.write.1.tlog
C:\Users\Lee\Desktop\Particle System\ParticleEngineLibrary\Release\link-rc.read.1.tlog
C:\Users\Lee\Desktop\Particle System\ParticleEngineLibrary\Release\link-rc.write.1.tlog
C:\Users\Lee\Desktop\Particle System\ParticleEngineLibrary\Release\link.command.1.tlog
C:\Users\Lee\Desktop\Particle System\ParticleEngineLibrary\Release\link.read.1.tlog
C:\Users\Lee\Desktop\Particle System\ParticleEngineLibrary\Release\link.write.1.tlog
C:\Users\Lee\Desktop\Particle System\ParticleEngineLibrary\Release\ParticleEngineLibrary.write.1.tlog
C:\Users\Lee\Desktop\Particle System\ParticleEngineLibrary\Release\vc110.pdb
C:\Users\Lee\Desktop\Particle System\Release\ParticleEngineLibrary.pdb
C:\Users\Lee\Desktop\Particle System\Release\ParticleEngineLibrary.dll
