Build started 8/26/2014 12:12:01 AM.
     1>Project "C:\Users\Lee\Documents\GitHub\Particle-System\Particle System\ParticleEngineLibrary\ParticleEngineLibrary.vcxproj" on node 2 (Build target(s)).
     1>ClCompile:
         C:\Program Files (x86)\Microsoft Visual Studio 11.0\VC\bin\CL.exe /c /Zi /nologo /W3 /WX- /sdl /O2 /Oi /Oy- /GL /D PARTICLELIBRARY_EXPORT /D WIN32 /D NDEBUG /D _WINDOWS /D _USRDLL /D PARTICLEENGINELIBRARY_EXPORTS /D _WINDLL /D _UNICODE /D UNICODE /Gm- /EHsc /MD /GS /Gy /fp:precise /Zc:wchar_t /Zc:forScope /Fo"Release\\" /Fd"Release\vc110.pdb" /Gd /TP /analyze- /errorReport:prompt Colour.cpp Particle.cpp ParticleEmitter.cpp
         Colour.cpp
         Particle.cpp
         ParticleEmitter.cpp
     1>c:\users\lee\documents\github\particle-system\particle system\particleenginelibrary\ParticleEmitter.h(73): warning C4251: 'ParticleEmitter::m_location' : class 'Vector2<T>' needs to have dll-interface to be used by clients of class 'ParticleEmitter'
                 with
                 [
                     T=float
                 ]
     1>c:\users\lee\documents\github\particle-system\particle system\particleenginelibrary\ParticleEmitter.h(74): warning C4251: 'ParticleEmitter::m_particles' : class 'std::vector<_Ty>' needs to have dll-interface to be used by clients of class 'ParticleEmitter'
                 with
                 [
                     _Ty=Particle *
                 ]
     1>c:\users\lee\documents\github\particle-system\particle system\particleenginelibrary\ParticleEmitter.h(75): warning C4251: 'ParticleEmitter::m_random' : class 'std::mersenne_twister_engine<_Ty,_Wx,_Nx,_Mx,_Rx,_Px,_Ux,_Dx,_Sx,_Bx,_Tx,_Cx,_Lx,_Fx>' needs to have dll-interface to be used by clients of class 'ParticleEmitter'
                 with
                 [
                     _Ty=unsigned int,
                     _Wx=32,
                     _Nx=624,
                     _Mx=397,
                     _Rx=31,
                     _Px=-1727483681,
                     _Ux=11,
                     _Dx=-1,
                     _Sx=7,
                     _Bx=-1658038656,
                     _Tx=15,
                     _Cx=-272236544,
                     _Lx=18,
                     _Fx=1812433253
                 ]
     1>ParticleEmitter.cpp(49): warning C4018: '<' : signed/unsigned mismatch
     1>ParticleEmitter.cpp(51): warning C4018: '<' : signed/unsigned mismatch
       Link:
         C:\Program Files (x86)\Microsoft Visual Studio 11.0\VC\bin\link.exe /ERRORREPORT:PROMPT /OUT:"C:\Users\Lee\Documents\GitHub\Particle-System\Particle System\Release\ParticleEngineLibrary.dll" /INCREMENTAL:NO /NOLOGO kernel32.lib user32.lib gdi32.lib winspool.lib comdlg32.lib advapi32.lib shell32.lib ole32.lib oleaut32.lib uuid.lib odbc32.lib odbccp32.lib /MANIFEST /MANIFESTUAC:"level='asInvoker' uiAccess='false'" /manifest:embed /DEBUG /PDB:"C:\Users\Lee\Documents\GitHub\Particle-System\Particle System\Release\ParticleEngineLibrary.pdb" /SUBSYSTEM:WINDOWS /OPT:REF /OPT:ICF /LTCG /TLBID:1 /DYNAMICBASE /NXCOMPAT /IMPLIB:"C:\Users\Lee\Documents\GitHub\Particle-System\Particle System\Release\ParticleEngineLibrary.lib" /MACHINE:X86 /SAFESEH /DLL Release\Colour.obj
         Release\Particle.obj
         Release\ParticleEmitter.obj
            Creating library C:\Users\Lee\Documents\GitHub\Particle-System\Particle System\Release\ParticleEngineLibrary.lib and object C:\Users\Lee\Documents\GitHub\Particle-System\Particle System\Release\ParticleEngineLibrary.exp
         Generating code
         Finished generating code
         ParticleEngineLibrary.vcxproj -> C:\Users\Lee\Documents\GitHub\Particle-System\Particle System\Release\ParticleEngineLibrary.dll
     1>Done Building Project "C:\Users\Lee\Documents\GitHub\Particle-System\Particle System\ParticleEngineLibrary\ParticleEngineLibrary.vcxproj" (Build target(s)).

Build succeeded.

Time Elapsed 00:00:01.55
