C:\USERS\LEE72\DOWNLOADS\COLINPATTERSON_ALEXANDERLEE_ASSIGNMENT2\WINFORMS-PARTICLEEXAMPLEV2\PARTICLEENGINELIBRARY\DEBUG\COLOUR.OBJ
C:\USERS\LEE72\DOWNLOADS\COLINPATTERSON_ALEXANDERLEE_ASSIGNMENT2\WINFORMS-PARTICLEEXAMPLEV2\PARTICLEENGINELIBRARY\DEBUG\PARTICLE.OBJ
C:\USERS\LEE72\DOWNLOADS\COLINPATTERSON_ALEXANDERLEE_ASSIGNMENT2\WINFORMS-PARTICLEEXAMPLEV2\PARTICLEENGINELIBRARY\DEBUG\PARTICLEEMITTER.OBJ
C:\USERS\LEE72\DOWNLOADS\COLINPATTERSON_ALEXANDERLEE_ASSIGNMENT2\WINFORMS-PARTICLEEXAMPLEV2\PARTICLEENGINELIBRARY\DEBUG\VC110.PDB
C:\USERS\LEE72\DOWNLOADS\COLINPATTERSON_ALEXANDERLEE_ASSIGNMENT2\WINFORMS-PARTICLEEXAMPLEV2\DEBUG\PARTICLEENGINELIBRARY.ILK
C:\USERS\LEE72\DOWNLOADS\COLINPATTERSON_ALEXANDERLEE_ASSIGNMENT2\WINFORMS-PARTICLEEXAMPLEV2\DEBUG\PARTICLEENGINELIBRARY.DLL
C:\USERS\LEE72\DOWNLOADS\COLINPATTERSON_ALEXANDERLEE_ASSIGNMENT2\WINFORMS-PARTICLEEXAMPLEV2\DEBUG\PARTICLEENGINELIBRARY.PDB
C:\Users\lee72\Downloads\ColinPatterson_AlexanderLee_Assignment2\Winforms-ParticleExampleV2\Debug\ParticleEngineLibrary.lib
C:\Users\lee72\Downloads\ColinPatterson_AlexanderLee_Assignment2\Winforms-ParticleExampleV2\Debug\ParticleEngineLibrary.exp
C:\Users\lee72\Downloads\ColinPatterson_AlexanderLee_Assignment2\Winforms-ParticleExampleV2\ParticleEngineLibrary\Debug\Colour.obj
C:\Users\lee72\Downloads\ColinPatterson_AlexanderLee_Assignment2\Winforms-ParticleExampleV2\ParticleEngineLibrary\Debug\Particle.obj
C:\Users\lee72\Downloads\ColinPatterson_AlexanderLee_Assignment2\Winforms-ParticleExampleV2\ParticleEngineLibrary\Debug\ParticleEmitter.obj
C:\Users\lee72\Downloads\ColinPatterson_AlexanderLee_Assignment2\Winforms-ParticleExampleV2\ParticleEngineLibrary\Debug\cl.command.1.tlog
C:\Users\lee72\Downloads\ColinPatterson_AlexanderLee_Assignment2\Winforms-ParticleExampleV2\ParticleEngineLibrary\Debug\CL.read.1.tlog
C:\Users\lee72\Downloads\ColinPatterson_AlexanderLee_Assignment2\Winforms-ParticleExampleV2\ParticleEngineLibrary\Debug\CL.write.1.tlog
C:\Users\lee72\Downloads\ColinPatterson_AlexanderLee_Assignment2\Winforms-ParticleExampleV2\ParticleEngineLibrary\Debug\link-cvtres.read.1.tlog
C:\Users\lee72\Downloads\ColinPatterson_AlexanderLee_Assignment2\Winforms-ParticleExampleV2\ParticleEngineLibrary\Debug\link-cvtres.write.1.tlog
C:\Users\lee72\Downloads\ColinPatterson_AlexanderLee_Assignment2\Winforms-ParticleExampleV2\ParticleEngineLibrary\Debug\link-rc.read.1.tlog
C:\Users\lee72\Downloads\ColinPatterson_AlexanderLee_Assignment2\Winforms-ParticleExampleV2\ParticleEngineLibrary\Debug\link-rc.write.1.tlog
C:\Users\lee72\Downloads\ColinPatterson_AlexanderLee_Assignment2\Winforms-ParticleExampleV2\ParticleEngineLibrary\Debug\link.command.1.tlog
C:\Users\lee72\Downloads\ColinPatterson_AlexanderLee_Assignment2\Winforms-ParticleExampleV2\ParticleEngineLibrary\Debug\link.read.1.tlog
C:\Users\lee72\Downloads\ColinPatterson_AlexanderLee_Assignment2\Winforms-ParticleExampleV2\ParticleEngineLibrary\Debug\link.write.1.tlog
C:\Users\lee72\Downloads\ColinPatterson_AlexanderLee_Assignment2\Winforms-ParticleExampleV2\ParticleEngineLibrary\Debug\ParticleEngineLibrary.write.1.tlog
C:\Users\lee72\Downloads\ColinPatterson_AlexanderLee_Assignment2\Winforms-ParticleExampleV2\ParticleEngineLibrary\Debug\vc110.idb
C:\Users\lee72\Downloads\ColinPatterson_AlexanderLee_Assignment2\Winforms-ParticleExampleV2\ParticleEngineLibrary\Debug\vc110.pdb
C:\Users\lee72\Downloads\ColinPatterson_AlexanderLee_Assignment2\Winforms-ParticleExampleV2\Debug\ParticleEngineLibrary.pdb
C:\Users\lee72\Downloads\ColinPatterson_AlexanderLee_Assignment2\Winforms-ParticleExampleV2\Debug\ParticleEngineLibrary.dll
C:\Users\lee72\Downloads\ColinPatterson_AlexanderLee_Assignment2\Winforms-ParticleExampleV2\Debug\ParticleEngineLibrary.ilk
